
Log for '/tmp/a55fc43c21424a05935735c2a05f08e3-pulp.lp' Clone_1 (V22.1.1.0) Mon Jul  3 10:14:56 2023

Tried aggregator 1 time.
LP Presolve eliminated 507 rows and 376 columns.
Aggregator did 33 substitutions.
Reduced LP has 1103 rows, 4055 columns, and 163224 nonzeros.
Presolve time = 0.06 sec. (215.74 ticks)
Parallel mode: using up to 14 threads for barrier.
Number of nonzeros in lower triangle of A*A' = 164689
Total time for automatic ordering = 0.01 sec. (18.54 ticks)
Barrier time = 0.01 sec. (46.68 ticks)

Dual simplex solved model.


Log for '/tmp/6d96c30d5faa44cb8746476a275531d1-pulp.lp' Clone_1 (V22.1.1.0) Mon Jul  3 10:14:57 2023

Row '_C150' infeasible, all entries at implied bounds.
Presolve time = 0.01 sec. (6.29 ticks)

Log for '/tmp/250cead9fef34cf2800cbf7880b6e2c2-pulp.lp' Clone_1 (V22.1.1.0) Mon Jul  3 10:14:58 2023

Tried aggregator 1 time.
LP Presolve eliminated 505 rows and 584 columns.
Aggregator did 67 substitutions.
Reduced LP has 1136 rows, 3690 columns, and 191130 nonzeros.
Presolve time = 0.03 sec. (59.11 ticks)
Symmetry aggregator did 430 additional substitutions.
Tried aggregator 0 times.
No LP presolve or aggregator reductions.
Presolve time = 0.00 sec. (6.79 ticks)
Parallel mode: using up to 14 threads for barrier.
Number of nonzeros in lower triangle of A*A' = 183700
Using Approximate Minimum Degree ordering
Total time for automatic ordering = 0.01 sec. (24.70 ticks)
Summary statistics for Cholesky factor:
  Threads                   = 14
  Rows in Factor            = 1059
  Integer space required    = 126009
  Total non-zeros in factor = 219970
  Total FP ops to factor    = 53496110
 Itn      Primal Obj        Dual Obj  Prim Inf Upper Inf  Dual Inf Inf Ratio
   0   0.0000000e+00   1.9575000e+02  1.13e+05  3.36e+03  3.28e+03  1.00e+00
   1   0.0000000e+00   1.3067177e+01  9.92e+03  2.94e+02  2.87e+02  2.42e-01
Barrier time = 0.07 sec. (91.44 ticks)
Barrier time = 0.07 sec. (94.08 ticks)

Dual simplex solved model.


Log for '/tmp/e6e52d5c3a70496fa920a7c35a41ac3c-pulp.lp' Clone_1 (V22.1.1.0) Mon Jul  3 10:15:00 2023

Tried aggregator 1 time.
LP Presolve eliminated 566 rows and 980 columns.
Aggregator did 155 substitutions.
Reduced LP has 1004 rows, 3015 columns, and 158959 nonzeros.
Presolve time = 0.04 sec. (57.12 ticks)
Symmetry aggregator did 650 additional substitutions.
Tried aggregator 0 times.
No LP presolve or aggregator reductions.
Presolve time = 0.00 sec. (5.21 ticks)
Parallel mode: using up to 14 threads for barrier.
Number of nonzeros in lower triangle of A*A' = 140625
Total time for automatic ordering = 0.01 sec. (16.75 ticks)
Barrier time = 0.02 sec. (45.89 ticks)
Barrier time = 0.02 sec. (47.96 ticks)

Dual simplex solved model.


Log for '/tmp/05c59df831f94416bc91a5f91e2e9091-pulp.lp' Clone_1 (V22.1.1.0) Mon Jul  3 10:15:16 2023

Row '_C102' infeasible, all entries at implied bounds.
Presolve time = 0.02 sec. (23.64 ticks)

Log for '/tmp/8584fa1f10444f848c34aadd9e7b9769-pulp.lp' Clone_1 (V22.1.1.0) Mon Jul  3 10:15:18 2023

Tried aggregator 1 time.
LP Presolve eliminated 865 rows and 1 columns.
Reduced LP has 1144 rows, 5592 columns, and 259559 nonzeros.
Presolve time = 0.10 sec. (226.65 ticks)
Parallel mode: using up to 14 threads for barrier.
Barrier time = 0.00 sec. (3.45 ticks)

Dual simplex solved model.


Log for '/tmp/6bf254f1ae7b48b6a6bed8d8facf8f1d-pulp.lp' Clone_1 (V22.1.1.0) Mon Jul  3 10:15:25 2023

Tried aggregator 1 time.
LP Presolve eliminated 914 rows and 569 columns.
Reduced LP has 1949 rows, 14651 columns, and 670810 nonzeros.
Presolve time = 0.39 sec. (729.15 ticks)
Parallel mode: using up to 14 threads for barrier.
Number of nonzeros in lower triangle of A*A' = 672623
Total time for automatic ordering = 0.06 sec. (75.65 ticks)
Barrier time = 0.14 sec. (183.64 ticks)

Dual simplex solved model.


Log for '/tmp/6b71ea216197498699eb6448b96069e8-pulp.lp' Clone_1 (V22.1.1.0) Mon Jul  3 10:15:35 2023

Tried aggregator 1 time.
LP Presolve eliminated 1051 rows and 3088 columns.
Aggregator did 2 substitutions.
Reduced LP has 2215 rows, 14068 columns, and 717566 nonzeros.
Presolve time = 0.18 sec. (215.95 ticks)
Symmetry aggregator did 3577 additional substitutions.
Tried aggregator 0 times.
No LP presolve or aggregator reductions.
Presolve time = 0.02 sec. (21.80 ticks)
Parallel mode: using up to 14 threads for barrier.
Number of nonzeros in lower triangle of A*A' = 560225
Using Nested Dissection ordering
Total time for automatic ordering = 0.19 sec. (225.38 ticks)
Summary statistics for Cholesky factor:
  Threads                   = 14
  Rows in Factor            = 1869
  Integer space required    = 379019
  Total non-zeros in factor = 754430
  Total FP ops to factor    = 365351912
 Itn      Primal Obj        Dual Obj  Prim Inf Upper Inf  Dual Inf Inf Ratio
   0   0.0000000e+00   5.0000000e-01  2.08e+05  6.75e+01  1.08e+04  1.00e+00
 Barrier aborted.
Barrier time = 0.39 sec. (418.13 ticks)
Barrier time = 0.39 sec. (426.98 ticks)

Dual simplex solved model.


Log for '/tmp/e9d639d4bd45457aaa3c5f6bb9f51e1f-pulp.lp' Clone_1 (V22.1.1.0) Mon Jul  3 10:15:44 2023

Infeasibility row '_C3227':  0  = 1.
Presolve time = 0.03 sec. (33.26 ticks)

Log for '/tmp/467fb5403c994a7c86f18e4cc6f365c4-pulp.lp' Clone_1 (V22.1.1.0) Mon Jul  3 10:15:52 2023

Tried aggregator 1 time.
LP Presolve eliminated 1051 rows and 2775 columns.
Aggregator did 4 substitutions.
Reduced LP has 2266 rows, 13837 columns, and 705883 nonzeros.
Presolve time = 0.25 sec. (212.99 ticks)
Symmetry aggregator did 3229 additional substitutions.
Tried aggregator 0 times.
No LP presolve or aggregator reductions.
Presolve time = 0.03 sec. (21.97 ticks)
Parallel mode: using up to 14 threads for barrier.
Number of nonzeros in lower triangle of A*A' = 569775
Using Approximate Minimum Degree ordering
Total time for automatic ordering = 0.07 sec. (85.42 ticks)
Summary statistics for Cholesky factor:
  Threads                   = 14
  Rows in Factor            = 1944
  Integer space required    = 413194
  Total non-zeros in factor = 742460
  Total FP ops to factor    = 335528382
 Itn      Primal Obj        Dual Obj  Prim Inf Upper Inf  Dual Inf Inf Ratio
   0   0.0000000e+00   1.5000000e+00  2.28e+05  1.42e+02  1.09e+04  1.00e+00
   1   0.0000000e+00  -1.2820061e+01  9.17e+03  5.74e+00  4.40e+02  7.74e-02
 Barrier aborted.
Barrier time = 0.44 sec. (306.51 ticks)
Barrier time = 0.45 sec. (315.36 ticks)

Dual simplex solved model.


Log for '/tmp/f5dd28edfeb54f049d642f615d6eb9bd-pulp.lp' Clone_1 (V22.1.1.0) Mon Jul  3 10:24:46 2023

Row '_C102' infeasible, all entries at implied bounds.
Presolve time = 0.02 sec. (23.64 ticks)

Log for '/tmp/7399a1c7fcfd485588943c2a58e20022-pulp.lp' Clone_1 (V22.1.1.0) Mon Jul  3 10:24:49 2023

Tried aggregator 1 time.
LP Presolve eliminated 865 rows and 1 columns.
Reduced LP has 1144 rows, 5592 columns, and 259559 nonzeros.
Presolve time = 0.11 sec. (226.65 ticks)
Parallel mode: using up to 14 threads for barrier.
Number of nonzeros in lower triangle of A*A' = 271607
Total time for automatic ordering = 0.02 sec. (29.66 ticks)
Barrier time = 0.04 sec. (71.78 ticks)

Dual simplex solved model.


Log for '/tmp/ec2f7d1ee8284dd3adff48ea37d9fef4-pulp.lp' Clone_1 (V22.1.1.0) Mon Jul  3 10:25:41 2023

Row '_C102' infeasible, all entries at implied bounds.
Presolve time = 0.02 sec. (23.64 ticks)

Log for '/tmp/bda798ae3c234c4d9dfb986f930d7b86-pulp.lp' Clone_1 (V22.1.1.0) Mon Jul  3 10:25:43 2023

Tried aggregator 1 time.
LP Presolve eliminated 865 rows and 1 columns.
Reduced LP has 1144 rows, 5592 columns, and 259559 nonzeros.
Presolve time = 0.11 sec. (226.65 ticks)
Parallel mode: using up to 14 threads for barrier.
Barrier time = 0.00 sec. (3.45 ticks)

Dual simplex solved model.


Log for '/tmp/30003e19b11244168e7b5b9afe9d263f-pulp.lp' Clone_1 (V22.1.1.0) Mon Jul  3 10:25:50 2023

Tried aggregator 1 time.
LP Presolve eliminated 914 rows and 569 columns.
Reduced LP has 1949 rows, 14651 columns, and 670810 nonzeros.
Presolve time = 0.34 sec. (729.15 ticks)
Parallel mode: using up to 14 threads for barrier.
Barrier time = 0.04 sec. (73.26 ticks)

Dual simplex solved model.


Log for '/tmp/af9054f5ad23410d8b2467917a790f9a-pulp.lp' Clone_1 (V22.1.1.0) Mon Jul  3 10:45:08 2023

Row '_C102' infeasible, all entries at implied bounds.
Presolve time = 0.03 sec. (23.64 ticks)

Log for '/tmp/1a45d82d519247d6992b33435afcb7ce-pulp.lp' Clone_1 (V22.1.1.0) Mon Jul  3 10:45:26 2023

Row '_C102' infeasible, all entries at implied bounds.
Presolve time = 0.02 sec. (23.64 ticks)

Log for '/tmp/4813fb8300754569ac153a03adf92410-pulp.lp' Clone_1 (V22.1.1.0) Mon Jul  3 10:45:28 2023

Tried aggregator 1 time.
LP Presolve eliminated 865 rows and 1 columns.
Reduced LP has 1144 rows, 5592 columns, and 259559 nonzeros.
Presolve time = 0.11 sec. (226.65 ticks)
Parallel mode: using up to 14 threads for barrier.
Barrier time = 0.00 sec. (3.45 ticks)

Dual simplex solved model.


Log for '/tmp/1b6861384d2f4e3586f7e5e115882dc6-pulp.lp' Clone_1 (V22.1.1.0) Mon Jul  3 10:57:01 2023

Row '_C102' infeasible, all entries at implied bounds.
Presolve time = 0.03 sec. (23.64 ticks)

Log for '/tmp/1aee169aaa7f41789053f12de632c5e5-pulp.lp' Clone_1 (V22.1.1.0) Mon Jul  3 10:57:04 2023

Tried aggregator 1 time.
LP Presolve eliminated 865 rows and 1 columns.
Reduced LP has 1144 rows, 5592 columns, and 259559 nonzeros.
Presolve time = 0.13 sec. (226.65 ticks)
Parallel mode: using up to 14 threads for barrier.
Barrier time = 0.00 sec. (3.45 ticks)

Dual simplex solved model.


Log for '/tmp/fb16c00033394e16b225da7440df27c9-pulp.lp' Clone_1 (V22.1.1.0) Mon Jul  3 10:57:13 2023

Tried aggregator 1 time.
LP Presolve eliminated 914 rows and 569 columns.
Reduced LP has 1949 rows, 14651 columns, and 670810 nonzeros.
Presolve time = 0.41 sec. (729.15 ticks)
Parallel mode: using up to 14 threads for barrier.
Number of nonzeros in lower triangle of A*A' = 672623
Total time for automatic ordering = 0.07 sec. (75.65 ticks)
Barrier time = 0.15 sec. (183.64 ticks)

Dual simplex solved model.

